{"C:\\Users\\alessandra.jesus\\Desktop\\UFBA\\MATB02-UFBA\\math.js": {"path":"C:\\Users\\alessandra.jesus\\Desktop\\UFBA\\MATB02-UFBA\\math.js","statementMap":{"0":{"start":{"line":3,"column":2},"end":{"line":3,"column":15}}},"fnMap":{"0":{"name":"soma","decl":{"start":{"line":2,"column":16},"end":{"line":2,"column":20}},"loc":{"start":{"line":2,"column":27},"end":{"line":4,"column":1}},"line":2}},"branchMap":{},"s":{"0":2},"f":{"0":2},"b":{},"_coverageSchema":"1a1c01bbd47fc00a2c39e90264f33305004495a9","hash":"489905d9fc023e16a437bb9ca99ef9d58e11946c"}
,"C:\\Users\\alessandra.jesus\\Desktop\\UFBA\\MATB02-UFBA\\Snapshot Testing\\MeuComponente.js": {"path":"C:\\Users\\alessandra.jesus\\Desktop\\UFBA\\MATB02-UFBA\\Snapshot Testing\\MeuComponente.js","statementMap":{"0":{"start":{"line":5,"column":2},"end":{"line":5,"column":39}}},"fnMap":{"0":{"name":"MeuComponente","decl":{"start":{"line":4,"column":9},"end":{"line":4,"column":22}},"loc":{"start":{"line":4,"column":34},"end":{"line":6,"column":1}},"line":4}},"branchMap":{},"s":{"0":5},"f":{"0":5},"b":{},"_coverageSchema":"1a1c01bbd47fc00a2c39e90264f33305004495a9","hash":"a0f04da16bf6af181eacfaa62f76440ac7a3f891"}
,"C:\\Users\\alessandra.jesus\\Desktop\\UFBA\\MATB02-UFBA\\assincrono\\api.js": {"path":"C:\\Users\\alessandra.jesus\\Desktop\\UFBA\\MATB02-UFBA\\assincrono\\api.js","statementMap":{"0":{"start":{"line":3,"column":2},"end":{"line":5,"column":5}},"1":{"start":{"line":4,"column":4},"end":{"line":4,"column":60}},"2":{"start":{"line":4,"column":21},"end":{"line":4,"column":53}}},"fnMap":{"0":{"name":"fetchUser","decl":{"start":{"line":2,"column":16},"end":{"line":2,"column":25}},"loc":{"start":{"line":2,"column":28},"end":{"line":6,"column":1}},"line":2},"1":{"name":"(anonymous_1)","decl":{"start":{"line":3,"column":21},"end":{"line":3,"column":22}},"loc":{"start":{"line":3,"column":34},"end":{"line":5,"column":3}},"line":3},"2":{"name":"(anonymous_2)","decl":{"start":{"line":4,"column":15},"end":{"line":4,"column":16}},"loc":{"start":{"line":4,"column":21},"end":{"line":4,"column":53}},"line":4}},"branchMap":{},"s":{"0":1,"1":1,"2":1},"f":{"0":1,"1":1,"2":1},"b":{},"_coverageSchema":"1a1c01bbd47fc00a2c39e90264f33305004495a9","hash":"750351b69213ebc10d1e84b1720d9fc6d2c4721b"}
}
